2023-12-29 11:52:48,646:WARNING:
'cuml' is a soft dependency and not included in the pycaret installation. Please run: `pip install cuml` to install.
2023-12-29 11:52:48,646:WARNING:
'cuml' is a soft dependency and not included in the pycaret installation. Please run: `pip install cuml` to install.
2023-12-29 11:52:48,646:WARNING:
'cuml' is a soft dependency and not included in the pycaret installation. Please run: `pip install cuml` to install.
2023-12-29 11:52:48,646:WARNING:
'cuml' is a soft dependency and not included in the pycaret installation. Please run: `pip install cuml` to install.
2023-12-29 12:00:32,558:INFO:PyCaret RegressionExperiment
2023-12-29 12:00:32,558:INFO:Logging name: reg-default-name
2023-12-29 12:00:32,558:INFO:ML Usecase: MLUsecase.REGRESSION
2023-12-29 12:00:32,558:INFO:version 3.2.0
2023-12-29 12:00:32,558:INFO:Initializing setup()
2023-12-29 12:00:32,558:INFO:self.USI: b186
2023-12-29 12:00:32,558:INFO:self._variable_keys: {'log_plots_param', 'target_param', 'memory', 'gpu_param', 'fold_shuffle_param', 'y', 'X', 'transform_target_param', 'fold_groups_param', 'X_test', 'exp_name_log', 'exp_id', 'html_param', 'X_train', 'logging_param', 'idx', '_available_plots', 'y_train', 'fold_generator', '_ml_usecase', 'USI', 'pipeline', 'y_test', 'seed', 'n_jobs_param', 'data', 'gpu_n_jobs_param'}
2023-12-29 12:00:32,559:INFO:Checking environment
2023-12-29 12:00:32,559:INFO:python_version: 3.11.7
2023-12-29 12:00:32,559:INFO:python_build: ('tags/v3.11.7:fa7a6f2', 'Dec  4 2023 19:24:49')
2023-12-29 12:00:32,559:INFO:machine: AMD64
2023-12-29 12:00:32,559:INFO:platform: Windows-10-10.0.22621-SP0
2023-12-29 12:00:32,564:INFO:Memory: svmem(total=16848695296, available=4102651904, percent=75.7, used=12746043392, free=4102651904)
2023-12-29 12:00:32,565:INFO:Physical Core: 12
2023-12-29 12:00:32,565:INFO:Logical Core: 16
2023-12-29 12:00:32,565:INFO:Checking libraries
2023-12-29 12:00:32,565:INFO:System:
2023-12-29 12:00:32,565:INFO:    python: 3.11.7 (tags/v3.11.7:fa7a6f2, Dec  4 2023, 19:24:49) [MSC v.1937 64 bit (AMD64)]
2023-12-29 12:00:32,565:INFO:executable: C:\Users\user\AppData\Local\Microsoft\WindowsApps\PythonSoftwareFoundation.Python.3.11_qbz5n2kfra8p0\python.exe
2023-12-29 12:00:32,565:INFO:   machine: Windows-10-10.0.22621-SP0
2023-12-29 12:00:32,565:INFO:PyCaret required dependencies:
2023-12-29 12:00:32,935:INFO:                 pip: 23.2.1
2023-12-29 12:00:32,935:INFO:          setuptools: 65.5.0
2023-12-29 12:00:32,935:INFO:             pycaret: 3.2.0
2023-12-29 12:00:32,935:INFO:             IPython: 8.14.0
2023-12-29 12:00:32,935:INFO:          ipywidgets: 8.1.1
2023-12-29 12:00:32,935:INFO:                tqdm: 4.66.1
2023-12-29 12:00:32,935:INFO:               numpy: 1.24.3
2023-12-29 12:00:32,935:INFO:              pandas: 1.5.3
2023-12-29 12:00:32,935:INFO:              jinja2: 3.1.2
2023-12-29 12:00:32,935:INFO:               scipy: 1.10.1
2023-12-29 12:00:32,935:INFO:              joblib: 1.3.1
2023-12-29 12:00:32,935:INFO:             sklearn: 1.2.2
2023-12-29 12:00:32,935:INFO:                pyod: 1.1.2
2023-12-29 12:00:32,935:INFO:            imblearn: 0.11.0
2023-12-29 12:00:32,935:INFO:   category_encoders: 2.6.3
2023-12-29 12:00:32,935:INFO:            lightgbm: 4.1.0
2023-12-29 12:00:32,935:INFO:               numba: 0.57.1
2023-12-29 12:00:32,935:INFO:            requests: 2.31.0
2023-12-29 12:00:32,935:INFO:          matplotlib: 3.6.0
2023-12-29 12:00:32,935:INFO:          scikitplot: 0.3.7
2023-12-29 12:00:32,935:INFO:         yellowbrick: 1.5
2023-12-29 12:00:32,935:INFO:              plotly: 5.16.1
2023-12-29 12:00:32,935:INFO:    plotly-resampler: Not installed
2023-12-29 12:00:32,935:INFO:             kaleido: 0.2.1
2023-12-29 12:00:32,935:INFO:           schemdraw: 0.15
2023-12-29 12:00:32,935:INFO:         statsmodels: 0.14.1
2023-12-29 12:00:32,935:INFO:              sktime: 0.21.1
2023-12-29 12:00:32,935:INFO:               tbats: 1.1.3
2023-12-29 12:00:32,935:INFO:            pmdarima: 2.0.4
2023-12-29 12:00:32,935:INFO:              psutil: 5.9.5
2023-12-29 12:00:32,935:INFO:          markupsafe: 2.1.3
2023-12-29 12:00:32,935:INFO:             pickle5: Not installed
2023-12-29 12:00:32,935:INFO:         cloudpickle: 3.0.0
2023-12-29 12:00:32,935:INFO:         deprecation: 2.1.0
2023-12-29 12:00:32,935:INFO:              xxhash: 3.4.1
2023-12-29 12:00:32,935:INFO:           wurlitzer: Not installed
2023-12-29 12:00:32,935:INFO:PyCaret optional dependencies:
2023-12-29 12:00:33,355:INFO:                shap: 0.44.0
2023-12-29 12:00:33,355:INFO:           interpret: Not installed
2023-12-29 12:00:33,355:INFO:                umap: Not installed
2023-12-29 12:00:33,357:INFO:     ydata_profiling: Not installed
2023-12-29 12:00:33,357:INFO:  explainerdashboard: Not installed
2023-12-29 12:00:33,357:INFO:             autoviz: Not installed
2023-12-29 12:00:33,357:INFO:           fairlearn: Not installed
2023-12-29 12:00:33,357:INFO:          deepchecks: Not installed
2023-12-29 12:00:33,357:INFO:             xgboost: 2.0.0
2023-12-29 12:00:33,357:INFO:            catboost: 1.2.2
2023-12-29 12:00:33,357:INFO:              kmodes: Not installed
2023-12-29 12:00:33,357:INFO:             mlxtend: Not installed
2023-12-29 12:00:33,357:INFO:       statsforecast: Not installed
2023-12-29 12:00:33,357:INFO:        tune_sklearn: Not installed
2023-12-29 12:00:33,357:INFO:                 ray: Not installed
2023-12-29 12:00:33,357:INFO:            hyperopt: Not installed
2023-12-29 12:00:33,357:INFO:              optuna: Not installed
2023-12-29 12:00:33,357:INFO:               skopt: Not installed
2023-12-29 12:00:33,357:INFO:              mlflow: Not installed
2023-12-29 12:00:33,357:INFO:              gradio: Not installed
2023-12-29 12:00:33,357:INFO:             fastapi: Not installed
2023-12-29 12:00:33,357:INFO:             uvicorn: 0.23.2
2023-12-29 12:00:33,357:INFO:              m2cgen: Not installed
2023-12-29 12:00:33,357:INFO:           evidently: Not installed
2023-12-29 12:00:33,357:INFO:               fugue: Not installed
2023-12-29 12:00:33,357:INFO:           streamlit: Not installed
2023-12-29 12:00:33,357:INFO:             prophet: Not installed
2023-12-29 12:00:33,357:INFO:None
2023-12-29 12:00:33,357:INFO:Set up GPU usage.
2023-12-29 12:00:33,357:WARNING:
'cuml' is a soft dependency and not included in the pycaret installation. Please run: `pip install cuml` to install.
2023-12-29 12:00:33,357:WARNING:cuML is outdated or not found. Required version is >=23.08.
                Please visit https://rapids.ai/install for installation instructions.
2023-12-29 12:00:33,357:INFO:Set up data.
